app/build/outputs/mapping/release/mapping.txt
# compiler: R8
# compiler_version: 1.5.69
# min_api: 21
# pg_map_id: 5592eca
com.kangyasin.music.R$id -> b.e.a.a:
com.kangyasin.music.activities.DetailLaguActivity -> com.kangyasin.music.activities.DetailLaguActivity:
    android.os.Handler mHandler -> v
    java.util.HashMap _$_findViewCache -> y
    com.kangyasin.music.activities.DetailLaguActivity$Companion Companion -> z
    android.app.ProgressDialog progressDialog -> u
    java.lang.Runnable mRunnable -> w
    android.view.animation.RotateAnimation rotate -> x
    java.lang.String idLagu -> s
    com.kangyasin.music.model.ModelListLagu modelListLagu -> t
    void setMRunnable(java.lang.Runnable) -> a
    void setRotate(android.view.animation.RotateAnimation) -> a
    android.view.View _$_findCachedViewById(int) -> b
    1:1:java.lang.String com.kangyasin.music.model.ModelListLagu.getStrId():0:0 -> onCreate
    1:1:void onCreate(android.os.Bundle):0 -> onCreate
    2:2:void onCreate(android.os.Bundle):0:0 -> onCreate
    3:3:com.bumptech.glide.RequestManager com.bumptech.glide.Glide.with(androidx.fragment.app.FragmentActivity):0:0 -> onCreate
    3:3:void onCreate(android.os.Bundle):0 -> onCreate
    4:4:void onCreate(android.os.Bundle):0:0 -> onCreate
    5:5:void getDetailLagu():0:0 -> onCreate
    5:5:void onCreate(android.os.Bundle):0 -> onCreate
    6:6:com.androidnetworking.common.ANRequest$GetRequestBuilder com.androidnetworking.AndroidNetworking.get(java.lang.String):0:0 -> onCreate
    6:6:void getDetailLagu():0 -> onCreate
    6:6:void onCreate(android.os.Bundle):0 -> onCreate
    7:7:void getDetailLagu():0:0 -> onCreate
com.kangyasin.music.activities.DetailLaguActivity$Companion -> com.kangyasin.music.activities.DetailLaguActivity$a:
    1:1:void <init>():0:0 -> <init>
    1:1:void <init>(kotlin.jvm.internal.DefaultConstructorMarker):0 -> <init>
    1:1:void kotlin.jvm.internal.Intrinsics.checkParameterIsNotNull(java.lang.Object,java.lang.String):0:0 -> a
    1:1:void setWindowFlag(android.app.Activity,int,boolean):0 -> a
com.kangyasin.music.activities.DetailLaguActivity$getDetailLagu$1 -> b.e.a.b.a:
    com.kangyasin.music.activities.DetailLaguActivity this$0 -> a
    1:1:void kotlin.jvm.internal.Intrinsics.checkParameterIsNotNull(java.lang.Object,java.lang.String):0:0 -> a
    1:1:void onError(com.androidnetworking.error.ANError):0 -> a
    2:2:void kotlin.jvm.internal.Intrinsics.checkParameterIsNotNull(java.lang.Object,java.lang.String):0:0 -> a
    2:2:void onResponse(org.json.JSONObject):0 -> a
com.kangyasin.music.activities.DetailLaguActivity$getDetailLagu$1$onResponse$1 -> b.e.a.b.a$a:
    com.kangyasin.music.activities.DetailLaguActivity$getDetailLagu$1 this$0 -> b
    android.media.MediaPlayer $mediaPlayer -> c
    java.lang.String $urlMusic -> d
com.kangyasin.music.activities.DetailLaguActivity$getDetailLagu$1$onResponse$1$1 -> b.e.a.b.a$a$a:
    com.kangyasin.music.activities.DetailLaguActivity$getDetailLagu$1$onResponse$1 this$0 -> b
com.kangyasin.music.activities.DetailLaguActivity$getDetailLagu$1$onResponse$2 -> b.e.a.b.a$b:
    com.kangyasin.music.activities.DetailLaguActivity$getDetailLagu$1 this$0 -> b
    android.media.MediaPlayer $mediaPlayer -> c
...
com.google.android.material.floatingactionbutton.FloatingActionButton$1 -> b.d.a.a.q.a:
    com.google.android.material.floatingactionbutton.FloatingActionButton this$0 -> a
com.google.android.material.floatingactionbutton.FloatingActionButton$BaseBehavior -> com.google.android.material.floatingactionbutton.FloatingActionButton$BaseBehavior:
    boolean autoHideEnabled -> b
    android.graphics.Rect tmpRect -> a
    boolean getInsetDodgeRect(androidx.coordinatorlayout.widget.CoordinatorLayout,android.view.View,android.graphics.Rect) -> a
    boolean getInsetDodgeRect(androidx.coordinatorlayout.widget.CoordinatorLayout,com.google.android.material.floatingactionbutton.FloatingActionButton,android.graphics.Rect) -> a
    void onAttachedToLayoutParams(androidx.coordinatorlayout.widget.CoordinatorLayout$LayoutParams) -> a
    1:1:boolean isBottomSheet(android.view.View):0:0 -> a
    1:1:boolean onDependentViewChanged(androidx.coordinatorlayout.widget.CoordinatorLayout,com.google.android.material.floatingactionbutton.FloatingActionButton,android.view.View):0 -> a
    2:2:androidx.coordinatorlayout.widget.CoordinatorLayout$Behavior androidx.coordinatorlayout.widget.CoordinatorLayout$LayoutParams.getBehavior():0:0 -> a
    2:2:boolean isBottomSheet(android.view.View):0 -> a
    2:2:boolean onDependentViewChanged(androidx.coordinatorlayout.widget.CoordinatorLayout,com.google.android.material.floatingactionbutton.FloatingActionButton,android.view.View):0 -> a
    3:3:boolean isBottomSheet(android.view.View):0:0 -> a
com.google.android.material.floatingactionbutton.FloatingActionButton$OnVisibilityChangedListener -> com.google.android.material.floatingactionbutton.FloatingActionButton$a:
com.google.android.material.floatingactionbutton.FloatingActionButton$ShadowDelegateImpl -> com.google.android.material.floatingactionbutton.FloatingActionButton$b:
    com.google.android.material.floatingactionbutton.FloatingActionButton this$0 -> a
com.google.android.material.floatingactionbutton.FloatingActionButtonImpl -> b.d.a.a.q.e:
    com.google.android.material.internal.VisibilityAwareImageButton view -> t
    float rotation -> i
    com.google.android.material.animation.MotionSpec showMotionSpec -> c
    com.google.android.material.animation.MotionSpec defaultShowMotionSpec -> e
    com.google.android.material.internal.StateListAnimator stateListAnimator -> g
    int[] EMPTY_STATE_SET -> G
    int[] HOVERED_FOCUSED_ENABLED_STATE_SET -> C
    int[] HOVERED_ENABLED_STATE_SET -> E
    android.graphics.RectF tmpRectF2 -> x
    android.graphics.drawable.Drawable contentBackground -> l
    float imageMatrixScale -> q
    android.graphics.Rect tmpRect -> v
    java.util.ArrayList hideListeners -> s
    float pressedTranslationZ -> o
    com.google.android.material.shadow.ShadowViewDelegate shadowViewDelegate -> u
    float elevation -> m
    android.view.ViewTreeObserver$OnPreDrawListener preDrawListener -> z
    android.animation.TimeInterpolator ELEVATION_ANIM_INTERPOLATOR -> A
    android.graphics.drawable.Drawable shapeDrawable -> j
    com.google.android.material.shadow.ShadowDrawableWrapper shadowDrawable -> h
    com.google.android.material.animation.MotionSpec hideMotionSpec -> d
    com.google.android.material.animation.MotionSpec defaultHideMotionSpec -> f
    int animState -> a
    int[] ENABLED_STATE_SET -> F
    int[] PRESSED_ENABLED_STATE_SET -> B
    android.animation.Animator currentAnimator -> b